gradle-build/app/outputs/logs/manifest-merger-xiaomi-release-report.txt
-- Merging decision tree log ---
application
INJECTED from src/main/AndroidManifest.xml:6:5-393:19
MERGED from [cn.rongcloud.sdk:im_lib:4.0.0.1] AndroidManifest.xml:22:5-65:19
MERGED from [cn.rongcloud.sdk:im_lib:4.0.0.1] AndroidManifest.xml:22:5-65:19
MERGED from [cn.rongcloud.sdk:im_kit:4.0.0.1] AndroidManifest.xml:36:5-154:19
MERGED from [cn.rongcloud.sdk:im_kit:4.0.0.1] AndroidManifest.xml:36:5-154:19
MERGED from [com.mob:MobGuard:1.1.0] AndroidManifest.xml:9:5-10:19
MERGED from [com.mob:MobGuard:1.1.0] AndroidManifest.xml:9:5-10:19
MERGED from [:com.heytap.msp-push-2.1.0:] AndroidManifest.xml:13:5-29:19
MERGED from [:com.heytap.msp-push-2.1.0:] AndroidManifest.xml:13:5-29:19
MERGED from [:AlivcLittleVideo] AndroidManifest.xml:20:5-51:19
MERGED from [:AlivcLittleVideo] AndroidManifest.xml:20:5-51:19
MERGED from [:AliyunRecorder:record] AndroidManifest.xml:20:5-32:19
MERGED from [:AliyunRecorder:record] AndroidManifest.xml:20:5-32:19
MERGED from [:AliyunEditor] AndroidManifest.xml:15:5-62:19
MERGED from [:AliyunEditor] AndroidManifest.xml:15:5-62:19
MERGED from [:AliyunFileDownLoader] AndroidManifest.xml:17:5-21:19
MERGED from [:AliyunFileDownLoader] AndroidManifest.xml:17:5-21:19
MERGED from [:AliyunCrop:crop] AndroidManifest.xml:10:5-29:19
MERGED from [:AliyunCrop:crop] AndroidManifest.xml:10:5-29:19
MERGED from [:AliyunSVideoBase] AndroidManifest.xml:9:5-16:19
MERGED from [:AliyunSVideoBase] AndroidManifest.xml:9:5-16:19
MERGED from [:AlivcMedia] AndroidManifest.xml:9:5-10:19
MERGED from [:AlivcMedia] AndroidManifest.xml:9:5-10:19
MERGED from [:AliyunVideoCommon] AndroidManifest.xml:26:5-39:19
MERGED from [:AliyunVideoCommon] AndroidManifest.xml:26:5-39:19
MERGED from [com.jcodecraeer:xrecyclerview:1.6.0] AndroidManifest.xml:11:5-20
MERGED from [com.jcodecraeer:xrecyclerview:1.6.0] AndroidManifest.xml:11:5-20
MERGED from [com.google.android.material:material:1.0.0] AndroidManifest.xml:22:5-20
MERGED from [com.google.android.material:material:1.0.0] AndroidManifest.xml:22:5-20
MERGED from [liji.library.dev:multilinechooselib:2.0.0] AndroidManifest.xml:11:5-17:19
MERGED from [liji.library.dev:multilinechooselib:2.0.0] AndroidManifest.xml:11:5-17:19
MERGED from [androidx.constraintlayout:constraintlayout:1.1.3] AndroidManifest.xml:9:5-20
MERGED from [androidx.constraintlayout:constraintlayout:1.1.3] AndroidManifest.xml:9:5-20
MERGED from [com.github.bumptech.glide:glide:4.11.0] AndroidManifest.xml:10:5-20
MERGED from [com.github.bumptech.glide:glide:4.11.0] AndroidManifest.xml:10:5-20
MERGED from [com.github.bumptech.glide:okhttp3-integration:4.3.0] AndroidManifest.xml:10:5-14:19
MERGED from [com.github.bumptech.glide:okhttp3-integration:4.3.0] AndroidManifest.xml:10:5-14:19
MERGED from [com.aliyun.dpa:oss-android-sdk:2.9.5] AndroidManifest.xml:17:5-20:19
MERGED from [com.aliyun.dpa:oss-android-sdk:2.9.5] AndroidManifest.xml:17:5-20:19
MERGED from [net.grandcentrix.tray:tray:0.11.1] AndroidManifest.xml:11:5-17:19
MERGED from [net.grandcentrix.tray:tray:0.11.1] AndroidManifest.xml:11:5-17:19
MERGED from [cn.jiguang.sdk:jpush:3.6.8] AndroidManifest.xml:41:5-180:19
MERGED from [cn.jiguang.sdk:jpush:3.6.8] AndroidManifest.xml:41:5-180:19
MERGED from [cn.jiguang.sdk:jcore:2.4.0] AndroidManifest.xml:11:5-12:19
MERGED from [cn.jiguang.sdk:jcore:2.4.0] AndroidManifest.xml:11:5-12:19
MERGED from [com.huawei.hms:push:4.0.2.300] AndroidManifest.xml:23:5-73:19
MERGED from [com.huawei.hms:push:4.0.2.300] AndroidManifest.xml:23:5-73:19
MERGED from [androidx.core:core:1.5.0-alpha05] AndroidManifest.xml:24:5-89
MERGED from [androidx.core:core:1.5.0-alpha05] AndroidManifest.xml:24:5-89
MERGED from [com.github.bumptech.glide:gifdecoder:4.11.0] AndroidManifest.xml:9:5-20
MERGED from [com.github.bumptech.glide:gifdecoder:4.11.0] AndroidManifest.xml:9:5-20
MERGED from [androidx.versionedparcelable:versionedparcelable:1.1.0] AndroidManifest.xml:24:5-25:19
MERGED from [androidx.versionedparcelable:versionedparcelable:1.1.0] AndroidManifest.xml:24:5-25:19
MERGED from [com.huawei.hms:opendevice:4.0.1.301] AndroidManifest.xml:9:5-21:19
MERGED from [com.huawei.hms:opendevice:4.0.1.301] AndroidManifest.xml:9:5-21:19
MERGED from [com.huawei.hms:base:4.0.2.300] AndroidManifest.xml:20:5-57:19
MERGED from [com.huawei.hms:base:4.0.2.300] AndroidManifest.xml:20:5-57:19
MERGED from [com.aliyun.video.android:svideopro:3.14.0] AndroidManifest.xml:12:5-15:19
MERGED from [com.aliyun.video.android:svideopro:3.14.0] AndroidManifest.xml:12:5-15:19
MERGED from [com.liulishuo.filedownloader:library:1.4.1] AndroidManifest.xml:11:5-16:19
MERGED from [com.liulishuo.filedownloader:library:1.4.1] AndroidManifest.xml:11:5-16:19
MERGED from [com.huawei.agconnect:agconnect-core:1.0.0.300] AndroidManifest.xml:9:5-18:19
MERGED from [com.huawei.agconnect:agconnect-core:1.0.0.300] AndroidManifest.xml:9:5-18:19
MERGED from [com.huawei.hms:update:2.0.6.300] AndroidManifest.xml:20:5-39:19
MERGED from [com.huawei.hms:update:2.0.6.300] AndroidManifest.xml:20:5-39:19
	android:requestLegacyExternalStorage
		ADDED from src/main/AndroidManifest.xml:13:9-52
	android:appComponentFactory
		ADDED from [androidx.core:core:1.5.0-alpha05] AndroidManifest.xml:24:18-86
	android:supportsRtl
		ADDED from src/main/AndroidManifest.xml:15:9-35
	android:label
		INJECTED from src/main/AndroidManifest.xml
		ADDED from src/main/AndroidManifest.xml:10:9-36
		REJECTED from [:AliyunSVideoBase] AndroidManifest.xml:10:9-41
		REJECTED from [liji.library.dev:multilinechooselib:2.0.0] AndroidManifest.xml:14:9-41
		REJECTED from [com.aliyun.dpa:oss-android-sdk:2.9.5] AndroidManifest.xml:19:9-41
	android:vmSafeMode
		ADDED from src/main/AndroidManifest.xml:17:9-34
	android:roundIcon
		ADDED from src/main/AndroidManifest.xml:14:9-45
	android:largeHeap
		ADDED from src/main/AndroidManifest.xml:11:9-33
	android:icon
		ADDED from src/main/AndroidManifest.xml:9:9-40
		REJECTED from [liji.library.dev:multilinechooselib:2.0.0] AndroidManifest.xml:13:9-43
	android:allowBackup
		ADDED from src/main/AndroidManifest.xml:8:9-35
	android:theme
		ADDED from src/main/AndroidManifest.xml:16:9-40
		REJECTED from [liji.library.dev:multilinechooselib:2.0.0] AndroidManifest.xml:16:9-40
	android:networkSecurityConfig
		ADDED from src/main/AndroidManifest.xml:12:9-49
	tools:replace
		ADDED from src/main/AndroidManifest.xml:18:9-41
	android:name
		ADDED from src/main/AndroidManifest.xml:7:9-32
provider#com.fm.designstar.app.MyProvider
INJECTED from src/main/AndroidManifest.xml:160:9-168:20
	android:grantUriPermissions
		ADDED from src/main/AndroidManifest.xml:164:13-47
	android:authorities
		INJECTED from src/main/AndroidManifest.xml
		ADDED from src/main/AndroidManifest.xml:162:13-64
	android:exported
		ADDED from src/main/AndroidManifest.xml:163:13-37
	android:name
		ADDED from src/main/AndroidManifest.xml:161:13-43
provider#com.fm.designstar.widget.imagePicker.provider.ImagePickerProvider
INJECTED from src/main/AndroidManifest.xml:169:9-177:20
	android:grantUriPermissions
		ADDED from src/main/AndroidManifest.xml:173:13-47
	android:authorities
		INJECTED from src/main/AndroidManifest.xml
		ADDED from src/main/AndroidManifest.xml:171:13-60
	android:exported
		ADDED from src/main/AndroidManifest.xml:172:13-37
	android:name
		ADDED from src/main/AndroidManifest.xml:170:13-76
manifest
ADDED from src/main/AndroidManifest.xml:2:1-456:12
INJECTED from src/main/AndroidManifest.xml:2:1-456:12
INJECTED from src/main/AndroidManifest.xml:2:1-456:12
INJECTED from src/main/AndroidManifest.xml:2:1-456:12
MERGED from [cn.rongcloud.sdk:im_lib:4.0.0.1] AndroidManifest.xml:2:1-67:12
MERGED from [cn.rongcloud.sdk:im_kit:4.0.0.1] AndroidManifest.xml:2:1-156:12
MERGED from [cn.sharesdk:ShareSDK:3.8.3] AndroidManifest.xml:2:1-11:12
MERGED from [cn.sharesdk:OneKeyShare:3.8.3] AndroidManifest.xml:2:1-11:12
MERGED from [com.mob:MobGuard:1.1.0] AndroidManifest.xml:2:1-12:12
MERGED from [com.mob:MobApm:1.2.0] AndroidManifest.xml:2:1-11:12
MERGED from [:com.heytap.msp-push-2.1.0:] AndroidManifest.xml:2:1-31:12
MERGED from [:AlivcLittleVideo] AndroidManifest.xml:2:1-53:12
MERGED from [:AliyunRecorder:record] AndroidManifest.xml:2:1-34:12
MERGED from [:AliyunEditor] AndroidManifest.xml:2:1-64:12
MERGED from [:AliyunSvideoMusic] AndroidManifest.xml:2:1-9:12
MERGED from [:AliyunFileDownLoader] AndroidManifest.xml:2:1-23:12
MERGED from [:AliyunCrop:crop] AndroidManifest.xml:2:1-31:12
MERGED from [:AliyunSVideoBase] AndroidManifest.xml:2:1-18:12
MERGED from [:AlivcMedia] AndroidManifest.xml:2:1-12:12
MERGED from [:AliyunVideoCommon] AndroidManifest.xml:2:1-41:12
MERGED from [com.jcodecraeer:xrecyclerview:1.6.0] AndroidManifest.xml:2:1-13:12
MERGED from [com.google.android.material:material:1.0.0] AndroidManifest.xml:17:1-24:12
MERGED from [liji.library.dev:multilinechooselib:2.0.0] AndroidManifest.xml:2:1-19:12
MERGED from [androidx.appcompat:appcompat:1.1.0] AndroidManifest.xml:17:1-24:12
MERGED from [androidx.constraintlayout:constraintlayout:1.1.3] AndroidManifest.xml:2:1-11:12
MERGED from [com.jakewharton:butterknife:10.2.1] AndroidManifest.xml:2:1-7:12
MERGED from [androidx.legacy:legacy-support-v4:1.0.0] AndroidManifest.xml:17:1-22:12
MERGED from [androidx.multidex:multidex:2.0.0] AndroidManifest.xml:17:1-22:12
MERGED from [com.github.bumptech.glide:glide:4.11.0] AndroidManifest.xml:2:1-12:12
MERGED from [com.github.bumptech.glide:okhttp3-integration:4.3.0] AndroidManifest.xml:2:1-16:12
MERGED from [com.aliyun.dpa:oss-android-sdk:2.9.5] AndroidManifest.xml:2:1-22:12
MERGED from [io.reactivex:rxandroid:1.2.1] AndroidManifest.xml:15:1-21:12
MERGED from [com.orhanobut:logger:1.15] AndroidManifest.xml:2:1-8:12
MERGED from [net.grandcentrix.tray:tray:0.11.1] AndroidManifest.xml:2:1-19:12
MERGED from [com.contrarywind:Android-PickerView:4.1.9] AndroidManifest.xml:2:1-11:12
MERGED from [com.youth.banner:banner:2.1.0] AndroidManifest.xml:2:1-11:12
MERGED from [cn.jiguang.sdk:jpush:3.6.8] AndroidManifest.xml:2:1-182:12
MERGED from [cn.jiguang.sdk:jcore:2.4.0] AndroidManifest.xml:2:1-14:12
MERGED from [cn.jzvd:jiaozivideoplayer:6.2.12] AndroidManifest.xml:2:1-13:12
MERGED from [:library] AndroidManifest.xml:2:1-13:12
MERGED from [com.github.CymChad:BaseRecyclerViewAdapterHelper:2.9.34] AndroidManifest.xml:2:1-11:12
MERGED from [com.huawei.hms:push:4.0.2.300] AndroidManifest.xml:2:1-75:12
MERGED from [com.tencent.bugly:crashreport:3.3.1] AndroidManifest.xml:2:1-9:12
MERGED from [com.tencent.bugly:nativecrashreport:3.7.500] AndroidManifest.xml:2:1-9:12
MERGED from [com.github.yellowcath:VideoProcessor:2.4.0] AndroidManifest.xml:2:1-11:12
MERGED from [androidx.viewpager2:viewpager2:1.0.0] AndroidManifest.xml:17:1-24:12
MERGED from [androidx.fragment:fragment:1.1.0] AndroidManifest.xml:17:1-24:12
MERGED from [androidx.appcompat:appcompat-resources:1.1.0] AndroidManifest.xml:17:1-24:12
MERGED from [androidx.legacy:legacy-support-core-ui:1.0.0] AndroidManifest.xml:17:1-22:12
MERGED from [androidx.drawerlayout:drawerlayout:1.0.0] AndroidManifest.xml:17:1-22:12
MERGED from [com.jakewharton:butterknife-runtime:10.2.1] AndroidManifest.xml:2:1-7:12
MERGED from [androidx.media:media:1.0.0] AndroidManifest.xml:17:1-22:12
MERGED from [androidx.legacy:legacy-support-core-utils:1.0.0] AndroidManifest.xml:17:1-22:12
MERGED from [androidx.transition:transition:1.0.0] AndroidManifest.xml:17:1-22:12
MERGED from [androidx.core:core-ktx:1.5.0-alpha05] AndroidManifest.xml:2:1-9:12
MERGED from [androidx.viewpager:viewpager:1.0.0] AndroidManifest.xml:17:1-22:12
MERGED from [androidx.loader:loader:1.0.0] AndroidManifest.xml:17:1-22:12
MERGED from [androidx.activity:activity:1.0.0] AndroidManifest.xml:17:1-24:12
MERGED from [androidx.vectordrawable:vectordrawable-animated:1.1.0] AndroidManifest.xml:17:1-24:12
MERGED from [androidx.vectordrawable:vectordrawable:1.1.0] AndroidManifest.xml:17:1-24:12
MERGED from [androidx.coordinatorlayout:coordinatorlayout:1.0.0] AndroidManifest.xml:17:1-22:12
MERGED from [androidx.slidingpanelayout:slidingpanelayout:1.0.0] AndroidManifest.xml:17:1-22:12
MERGED from [androidx.recyclerview:recyclerview:1.1.0] AndroidManifest.xml:17:1-24:12
MERGED from [androidx.customview:customview:1.0.0] AndroidManifest.xml:17:1-22:12
MERGED from [androidx.swiperefreshlayout:swiperefreshlayout:1.0.0] AndroidManifest.xml:17:1-22:12
MERGED from [androidx.asynclayoutinflater:asynclayoutinflater:1.0.0] AndroidManifest.xml:17:1-22:12
MERGED from [androidx.core:core:1.5.0-alpha05] AndroidManifest.xml:17:1-26:12
MERGED from [androidx.exifinterface:exifinterface:1.0.0] AndroidManifest.xml:17:1-22:12
MERGED from [androidx.cursoradapter:cursoradapter:1.0.0] AndroidManifest.xml:17:1-22:12
MERGED from [androidx.cardview:cardview:1.0.0] AndroidManifest.xml:17:1-22:12
MERGED from [com.github.bumptech.glide:gifdecoder:4.11.0] AndroidManifest.xml:2:1-11:12
MERGED from [com.contrarywind:wheelview:4.1.0] AndroidManifest.xml:2:1-11:12
MERGED from [androidx.versionedparcelable:versionedparcelable:1.1.0] AndroidManifest.xml:17:1-27:12
MERGED from [androidx.documentfile:documentfile:1.0.0] AndroidManifest.xml:17:1-22:12
MERGED from [androidx.localbroadcastmanager:localbroadcastmanager:1.0.0] AndroidManifest.xml:17:1-22:12
MERGED from [androidx.print:print:1.0.0] AndroidManifest.xml:17:1-22:12
MERGED from [androidx.interpolator:interpolator:1.0.0] AndroidManifest.xml:17:1-22:12
MERGED from [androidx.lifecycle:lifecycle-viewmodel:2.1.0] AndroidManifest.xml:17:1-22:12
MERGED from [androidx.lifecycle:lifecycle-runtime:2.1.0] AndroidManifest.xml:17:1-22:12
MERGED from [androidx.savedstate:savedstate:1.0.0] AndroidManifest.xml:17:1-24:12
MERGED from [androidx.lifecycle:lifecycle-livedata:2.0.0] AndroidManifest.xml:17:1-22:12
MERGED from [androidx.lifecycle:lifecycle-livedata-core:2.0.0] AndroidManifest.xml:17:1-22:12
MERGED from [androidx.arch.core:core-runtime:2.0.0] AndroidManifest.xml:17:1-22:12
MERGED from [com.faceunity:nama:6.0.0-lite] AndroidManifest.xml:2:1-11:12
MERGED from [com.aliyun.race:AliyunRace:1.0.0] AndroidManifest.xml:2:1-14:12
MERGED from [com.aliyun.sdk.android:AliyunPlayer:4.7.3-part] AndroidManifest.xml:2:1-11:12
MERGED from [com.huawei.hms:opendevice:4.0.1.301] AndroidManifest.xml:2:1-23:12
MERGED from [com.huawei.hms:base:4.0.2.300] AndroidManifest.xml:2:1-59:12
MERGED from [com.aliyun.video.android:svideopro:3.14.0] AndroidManifest.xml:2:1-17:12
MERGED from [com.alivc.conan:AlivcConan:1.0.2] AndroidManifest.xml:2:1-13:12
MERGED from [com.aliyun.video.android:AlivcFFmpeg:1.1.0] AndroidManifest.xml:2:1-11:12
MERGED from [com.liulishuo.filedownloader:library:1.4.1] AndroidManifest.xml:2:1-18:12
MERGED from [com.huawei.agconnect:agconnect-core:1.0.0.300] AndroidManifest.xml:2:1-20:12
MERGED from [com.huawei.hmf:tasks:1.3.3.300] AndroidManifest.xml:2:1-10:12
MERGED from [com.huawei.hms:network-grs:4.0.2.300] AndroidManifest.xml:2:1-11:12
MERGED from [com.huawei.hms:update:2.0.6.300] AndroidManifest.xml:2:1-41:12
MERGED from [com.huawei.hms:network-common:4.0.2.300] AndroidManifest.xml:2:1-11:12
INJECTED from src/main/AndroidManifest.xml:2:1-456:12
INJECTED from src/main/AndroidManifest.xml:2:1-456:12
INJECTED from src/main/AndroidManifest.xml:2:1-456:12
	package
		ADDED from src/main/AndroidManifest.xml:4:5-32
		INJECTED from src/main/AndroidManifest.xml
		INJECTED from src/main/AndroidManifest.xml
	android:versionName
		INJECTED from src/main/AndroidManifest.xml
		ADDED from src/main/AndroidManifest.xml:2:1-456:12
		INJECTED from src/main/AndroidManifest.xml
	xmlns:tools
		ADDED from src/main/AndroidManifest.xml:3:5-51
	android:versionCode
		INJECTED from src/main/AndroidManifest.xml
		ADDED from src/main/AndroidManifest.xml:2:1-456:12
		INJECTED from src/main/AndroidManifest.xml
	xmlns:android
		ADDED from src/main/AndroidManifest.xml:2:11-69
permission#com.fm.designstar.permission.MIPUSH_RECEIVE
ADDED from src/main/AndroidManifest.xml:395:5-397:47
	android:protectionLevel
		ADDED from src/main/AndroidManifest.xml:397:9-44
	android:name
		ADDED from src/main/AndroidManifest.xml:396:9-67
permission#com.fm.designstar.permission.JPUSH_MESSAGE
ADDED from src/main/AndroidManifest.xml:399:5-401:47
MERGED from [cn.jiguang.sdk:jpush:3.6.8] AndroidManifest.xml:11:5-13:47
	android:protectionLevel
		ADDED from src/main/AndroidManifest.xml:401:9-44
	android:name
		ADDED from src/main/AndroidManifest.xml:400:9-66
queries
ADDED from src/main/AndroidManifest.xml:403:5-407:15
intent
ADDED from src/main/AndroidManifest.xml:404:9-406:18
action#cn.jpush.android.intent.PushService
ADDED from src/main/AndroidManifest.xml:405:13-74
	android:name
		ADDED from src/main/AndroidManifest.xml:405:21-71
uses-feature#android.hardware.camera
ADDED from src/main/AndroidManifest.xml:408:5-60
	android:name
		ADDED from src/main/AndroidManifest.xml:408:19-57
uses-feature#android.hardware.camera.autofocus
ADDED from src/main/AndroidManifest.xml:409:5-70
	android:name
		ADDED from src/main/AndroidManifest.xml:409:19-67
uses-permission#com.fm.designstar.permission.MIPUSH_RECEIVE
ADDED from src/main/AndroidManifest.xml:410:5-83
	android:name
		ADDED from src/main/AndroidManifest.xml:410:22-80
uses-permission#com.fm.designstar.permission.JPUSH_MESSAGE
ADDED from src/main/AndroidManifest.xml:411:5-82
MERGED from [cn.jiguang.sdk:jpush:3.6.8] AndroidManifest.xml:16:5-81
	android:name
		ADDED from src/main/AndroidManifest.xml:411:22-79
uses-permission#android.permission.RECEIVE_USER_PRESENT
ADDED from src/main/AndroidManifest.xml:412:5-79
MERGED from [cn.jiguang.sdk:jpush:3.6.8] AndroidManifest.xml:17:5-79
MERGED from [cn.jiguang.sdk:jpush:3.6.8] AndroidManifest.xml:17:5-79
	android:name
		ADDED from src/main/AndroidManifest.xml:412:22-76
uses-permission#com.coloros.mcs.permission.RECIEVE_MCS_MESSAGE
ADDED from src/main/AndroidManifest.xml:414:5-86
MERGED from [:com.heytap.msp-push-2.1.0:] AndroidManifest.xml:11:5-86
MERGED from [:com.heytap.msp-push-2.1.0:] AndroidManifest.xml:11:5-86
	android:name
		ADDED from src/main/AndroidManifest.xml:414:22-83
uses-permission#com.heytap.mcs.permission.RECIEVE_MCS_MESSAGE
ADDED from src/main/AndroidManifest.xml:415:5-85
	android:name
		ADDED from src/main/AndroidManifest.xml:415:22-82
uses-permission#android.permission.GET_TASKS
ADDED from src/main/AndroidManifest.xml:416:5-68
MERGED from [cn.rongcloud.sdk:im_kit:4.0.0.1] AndroidManifest.xml:28:5-68
MERGED from [cn.rongcloud.sdk:im_kit:4.0.0.1] AndroidManifest.xml:28:5-68
MERGED from [cn.jiguang.sdk:jpush:3.6.8] AndroidManifest.xml:39:5-68
MERGED from [cn.jiguang.sdk:jpush:3.6.8] AndroidManifest.xml:39:5-68
	android:name
		ADDED from src/main/AndroidManifest.xml:416:22-65
uses-permission#android.permission.CALL_PHONE
ADDED from src/main/AndroidManifest.xml:417:5-69
	android:name
		ADDED from src/main/AndroidManifest.xml:417:22-66
uses-permission#android.permission.INTERNET
ADDED from src/main/AndroidManifest.xml:418:5-67
MERGED from [cn.rongcloud.sdk:im_lib:4.0.0.1] AndroidManifest.xml:14:5-67
MERGED from [cn.rongcloud.sdk:im_lib:4.0.0.1] AndroidManifest.xml:14:5-67
MERGED from [cn.rongcloud.sdk:im_kit:4.0.0.1] AndroidManifest.xml:22:5-67
MERGED from [cn.rongcloud.sdk:im_kit:4.0.0.1] AndroidManifest.xml:22:5-67
MERGED from [:AlivcLittleVideo] AndroidManifest.xml:13:5-67
MERGED from [:AlivcLittleVideo] AndroidManifest.xml:13:5-67
MERGED from [:AliyunRecorder:record] AndroidManifest.xml:17:5-67
MERGED from [:AliyunRecorder:record] AndroidManifest.xml:17:5-67
MERGED from [:AliyunEditor] AndroidManifest.xml:9:5-67
MERGED from [:AliyunEditor] AndroidManifest.xml:9:5-67
MERGED from [:AliyunFileDownLoader] AndroidManifest.xml:9:5-67
MERGED from [:AliyunFileDownLoader] AndroidManifest.xml:9:5-67
MERGED from [:AliyunVideoCommon] AndroidManifest.xml:10:5-67
MERGED from [:AliyunVideoCommon] AndroidManifest.xml:10:5-67
MERGED from [com.aliyun.dpa:oss-android-sdk:2.9.5] AndroidManifest.xml:11:5-67
MERGED from [com.aliyun.dpa:oss-android-sdk:2.9.5] AndroidManifest.xml:11:5-67
MERGED from [cn.jiguang.sdk:jpush:3.6.8] AndroidManifest.xml:18:5-67
MERGED from [cn.jiguang.sdk:jpush:3.6.8] AndroidManifest.xml:18:5-67
MERGED from [com.huawei.hms:base:4.0.2.300] AndroidManifest.xml:10:5-67
MERGED from [com.huawei.hms:base:4.0.2.300] AndroidManifest.xml:10:5-67
MERGED from [com.huawei.hms:update:2.0.6.300] AndroidManifest.xml:11:5-67
MERGED from [com.huawei.hms:update:2.0.6.300] AndroidManifest.xml:11:5-67
	android:name
		ADDED from src/main/AndroidManifest.xml:418:22-64
uses-permission#android.permission.ACCESS_FINE_LOCATION
ADDED from src/main/AndroidManifest.xml:419:5-79
MERGED from [cn.jiguang.sdk:jpush:3.6.8] AndroidManifest.xml:35:5-79
MERGED from [cn.jiguang.sdk:jpush:3.6.8] AndroidManifest.xml:35:5-79
	android:name
		ADDED from src/main/AndroidManifest.xml:419:22-76
uses-permission#android.permission.ACCESS_WIFI_STATE
ADDED from src/main/AndroidManifest.xml:420:5-76
MERGED from [cn.rongcloud.sdk:im_lib:4.0.0.1] AndroidManifest.xml:16:5-76
MERGED from [cn.rongcloud.sdk:im_lib:4.0.0.1] AndroidManifest.xml:16:5-76
MERGED from [cn.rongcloud.sdk:im_kit:4.0.0.1] AndroidManifest.xml:24:5-76
MERGED from [cn.rongcloud.sdk:im_kit:4.0.0.1] AndroidManifest.xml:24:5-76
MERGED from [:AlivcLittleVideo] AndroidManifest.xml:12:5-76
MERGED from [:AlivcLittleVideo] AndroidManifest.xml:12:5-76
MERGED from [:AliyunVideoCommon] AndroidManifest.xml:11:5-76
MERGED from [:AliyunVideoCommon] AndroidManifest.xml:11:5-76
MERGED from [com.aliyun.dpa:oss-android-sdk:2.9.5] AndroidManifest.xml:13:5-76
MERGED from [com.aliyun.dpa:oss-android-sdk:2.9.5] AndroidManifest.xml:13:5-76
MERGED from [cn.jiguang.sdk:jpush:3.6.8] AndroidManifest.xml:25:5-76
MERGED from [cn.jiguang.sdk:jpush:3.6.8] AndroidManifest.xml:25:5-76
	android:name
		ADDED from src/main/AndroidManifest.xml:420:22-73
uses-permission#android.permission.ACCESS_NETWORK_STATE
ADDED from src/main/AndroidManifest.xml:421:5-79
MERGED from [cn.rongcloud.sdk:im_lib:4.0.0.1] AndroidManifest.xml:15:5-79
MERGED from [cn.rongcloud.sdk:im_lib:4.0.0.1] AndroidManifest.xml:15:5-79
MERGED from [cn.rongcloud.sdk:im_kit:4.0.0.1] AndroidManifest.xml:23:5-79
MERGED from [cn.rongcloud.sdk:im_kit:4.0.0.1] AndroidManifest.xml:23:5-79
MERGED from [:AlivcLittleVideo] AndroidManifest.xml:11:5-79
MERGED from [:AlivcLittleVideo] AndroidManifest.xml:11:5-79
MERGED from [:AliyunRecorder:record] AndroidManifest.xml:18:5-79
MERGED from [:AliyunRecorder:record] AndroidManifest.xml:18:5-79
MERGED from [:AliyunVideoCommon] AndroidManifest.xml:9:5-79
MERGED from [:AliyunVideoCommon] AndroidManifest.xml:9:5-79
MERGED from [com.aliyun.dpa:oss-android-sdk:2.9.5] AndroidManifest.xml:12:5-79
MERGED from [com.aliyun.dpa:oss-android-sdk:2.9.5] AndroidManifest.xml:12:5-79
MERGED from [cn.jiguang.sdk:jpush:3.6.8] AndroidManifest.xml:24:5-79
MERGED from [cn.jiguang.sdk:jpush:3.6.8] AndroidManifest.xml:24:5-79
MERGED from [cn.jzvd:jiaozivideoplayer:6.2.12] AndroidManifest.xml:11:5-79
MERGED from [cn.jzvd:jiaozivideoplayer:6.2.12] AndroidManifest.xml:11:5-79
MERGED from [:library] AndroidManifest.xml:11:5-79
MERGED from [:library] AndroidManifest.xml:11:5-79
MERGED from [com.huawei.hms:base:4.0.2.300] AndroidManifest.xml:14:5-79
MERGED from [com.huawei.hms:base:4.0.2.300] AndroidManifest.xml:14:5-79
MERGED from [com.alivc.conan:AlivcConan:1.0.2] AndroidManifest.xml:11:5-79
MERGED from [com.alivc.conan:AlivcConan:1.0.2] AndroidManifest.xml:11:5-79
MERGED from [com.huawei.hms:update:2.0.6.300] AndroidManifest.xml:12:5-79
MERGED from [com.huawei.hms:update:2.0.6.300] AndroidManifest.xml:12:5-79
	android:name
		ADDED from src/main/AndroidManifest.xml:421:22-76
uses-permission#android.permission.CHANGE_WIFI_STATE
ADDED from src/main/AndroidManifest.xml:422:5-76
MERGED from [cn.rongcloud.sdk:im_kit:4.0.0.1] AndroidManifest.xml:21:5-76
MERGED from [cn.rongcloud.sdk:im_kit:4.0.0.1] AndroidManifest.xml:21:5-76
MERGED from [:AliyunVideoCommon] AndroidManifest.xml:12:5-76
MERGED from [:AliyunVideoCommon] AndroidManifest.xml:12:5-76
MERGED from [com.aliyun.dpa:oss-android-sdk:2.9.5] AndroidManifest.xml:15:5-76
MERGED from [com.aliyun.dpa:oss-android-sdk:2.9.5] AndroidManifest.xml:15:5-76
MERGED from [cn.jiguang.sdk:jpush:3.6.8] AndroidManifest.xml:34:5-76
MERGED from [cn.jiguang.sdk:jpush:3.6.8] AndroidManifest.xml:34:5-76
	android:name
		ADDED from src/main/AndroidManifest.xml:422:22-73
uses-permission#android.permission.READ_PHONE_STATE
ADDED from src/main/AndroidManifest.xml:423:5-75
MERGED from [:AlivcLittleVideo] AndroidManifest.xml:16:5-75
MERGED from [:AlivcLittleVideo] AndroidManifest.xml:16:5-75
MERGED from [:AliyunVideoCommon] AndroidManifest.xml:20:5-75
MERGED from [:AliyunVideoCommon] AndroidManifest.xml:20:5-75
MERGED from [cn.jiguang.sdk:jpush:3.6.8] AndroidManifest.xml:19:5-75
MERGED from [cn.jiguang.sdk:jpush:3.6.8] AndroidManifest.xml:19:5-75
	android:name
		ADDED from src/main/AndroidManifest.xml:423:22-72
uses-permission#android.permission.READ_PRIVILEGED_PHONE_STATE
ADDED from src/main/AndroidManifest.xml:424:5-426:47
	tools:ignore
		ADDED from src/main/AndroidManifest.xml:426:9-44
	android:name
		ADDED from src/main/AndroidManifest.xml:425:9-70
uses-permission#android.permission.WRITE_EXTERNAL_STORAGE
ADDED from src/main/AndroidManifest.xml:427:5-81
MERGED from [cn.rongcloud.sdk:im_lib:4.0.0.1] AndroidManifest.xml:12:5-81
MERGED from [cn.rongcloud.sdk:im_lib:4.0.0.1] AndroidManifest.xml:12:5-81
MERGED from [cn.rongcloud.sdk:im_kit:4.0.0.1] AndroidManifest.xml:32:5-81
MERGED from [cn.rongcloud.sdk:im_kit:4.0.0.1] AndroidManifest.xml:32:5-81
MERGED from [:AlivcLittleVideo] AndroidManifest.xml:14:5-81
MERGED from [:AlivcLittleVideo] AndroidManifest.xml:14:5-81
MERGED from [:AliyunRecorder:record] AndroidManifest.xml:11:5-81
MERGED from [:AliyunRecorder:record] AndroidManifest.xml:11:5-81
MERGED from [:AliyunEditor] AndroidManifest.xml:10:5-81
MERGED from [:AliyunEditor] AndroidManifest.xml:10:5-81
MERGED from [:AliyunFileDownLoader] AndroidManifest.xml:13:5-81
MERGED from [:AliyunFileDownLoader] AndroidManifest.xml:13:5-81
MERGED from [:AliyunVideoCommon] AndroidManifest.xml:14:5-81
MERGED from [:AliyunVideoCommon] AndroidManifest.xml:14:5-81
MERGED from [com.aliyun.dpa:oss-android-sdk:2.9.5] AndroidManifest.xml:14:5-81
MERGED from [com.aliyun.dpa:oss-android-sdk:2.9.5] AndroidManifest.xml:14:5-81
MERGED from [cn.jiguang.sdk:jpush:3.6.8] AndroidManifest.xml:20:5-81
MERGED from [cn.jiguang.sdk:jpush:3.6.8] AndroidManifest.xml:20:5-81
MERGED from [com.aliyun.race:AliyunRace:1.0.0] AndroidManifest.xml:11:5-81
MERGED from [com.aliyun.race:AliyunRace:1.0.0] AndroidManifest.xml:11:5-81
MERGED from [com.huawei.hms:base:4.0.2.300] AndroidManifest.xml:12:5-81
MERGED from [com.huawei.hms:base:4.0.2.300] AndroidManifest.xml:12:5-81
	android:name
		ADDED from src/main/AndroidManifest.xml:427:22-78
uses-permission#android.permission.READ_EXTERNAL_STORAGE
ADDED from src/main/AndroidManifest.xml:428:5-80
MERGED from [cn.rongcloud.sdk:im_kit:4.0.0.1] AndroidManifest.xml:12:5-80
MERGED from [cn.rongcloud.sdk:im_kit:4.0.0.1] AndroidManifest.xml:12:5-80
MERGED from [:AlivcLittleVideo] AndroidManifest.xml:18:5-80
MERGED from [:AlivcLittleVideo] AndroidManifest.xml:18:5-80
MERGED from [:AliyunEditor] AndroidManifest.xml:11:5-80
MERGED from [:AliyunEditor] AndroidManifest.xml:11:5-80
MERGED from [:AliyunFileDownLoader] AndroidManifest.xml:15:5-80
MERGED from [:AliyunFileDownLoader] AndroidManifest.xml:15:5-80
MERGED from [:AliyunVideoCommon] AndroidManifest.xml:15:5-80
MERGED from [:AliyunVideoCommon] AndroidManifest.xml:15:5-80
MERGED from [cn.jiguang.sdk:jpush:3.6.8] AndroidManifest.xml:21:5-80
MERGED from [cn.jiguang.sdk:jpush:3.6.8] AndroidManifest.xml:21:5-80
MERGED from [com.aliyun.race:AliyunRace:1.0.0] AndroidManifest.xml:12:5-80
MERGED from [com.aliyun.race:AliyunRace:1.0.0] AndroidManifest.xml:12:5-80
	android:name
		ADDED from src/main/AndroidManifest.xml:428:22-77
uses-permission#android.permission.CLEAR_APP_USER_DATA
ADDED from src/main/AndroidManifest.xml:429:5-431:47
	tools:ignore
		ADDED from src/main/AndroidManifest.xml:431:9-44
	android:name
		ADDED from src/main/AndroidManifest.xml:430:9-62
uses-permission#android.permission.CAMERA
ADDED from src/main/AndroidManifest.xml:432:5-65
MERGED from [cn.rongcloud.sdk:im_kit:4.0.0.1] AndroidManifest.xml:17:5-65
MERGED from [cn.rongcloud.sdk:im_kit:4.0.0.1] AndroidManifest.xml:17:5-65
MERGED from [:AliyunRecorder:record] AndroidManifest.xml:9:5-65
MERGED from [:AliyunRecorder:record] AndroidManifest.xml:9:5-65
MERGED from [:AliyunEditor] AndroidManifest.xml:12:5-65
MERGED from [:AliyunEditor] AndroidManifest.xml:12:5-65
MERGED from [:AliyunVideoCommon] AndroidManifest.xml:17:5-65
MERGED from [:AliyunVideoCommon] AndroidManifest.xml:17:5-65
	android:name
		ADDED from src/main/AndroidManifest.xml:432:22-62
uses-permission#android.permission.WAKE_LOCK
ADDED from src/main/AndroidManifest.xml:433:5-68
MERGED from [cn.rongcloud.sdk:im_lib:4.0.0.1] AndroidManifest.xml:18:5-68
MERGED from [cn.rongcloud.sdk:im_lib:4.0.0.1] AndroidManifest.xml:18:5-68
MERGED from [:AlivcLittleVideo] AndroidManifest.xml:15:5-68
MERGED from [:AlivcLittleVideo] AndroidManifest.xml:15:5-68
	android:name
		ADDED from src/main/AndroidManifest.xml:433:22-65
uses-permission#android.permission.INTERACT_ACROSS_USERS_FULL
ADDED from src/main/AndroidManifest.xml:434:5-436:47
	tools:ignore
		ADDED from src/main/AndroidManifest.xml:436:9-44
	android:name
		ADDED from src/main/AndroidManifest.xml:435:9-69
uses-permission#android.permission.MODIFY_AUDIO_SETTINGS
ADDED from src/main/AndroidManifest.xml:437:5-80
	android:name
		ADDED from src/main/AndroidManifest.xml:437:22-77
uses-permission#android.permission.SYSTEM_ALERT_WINDOW
ADDED from src/main/AndroidManifest.xml:440:5-78
MERGED from [cn.jiguang.sdk:jpush:3.6.8] AndroidManifest.xml:32:5-78
MERGED from [cn.jiguang.sdk:jpush:3.6.8] AndroidManifest.xml:32:5-78
	android:name
		ADDED from src/main/AndroidManifest.xml:440:22-75
uses-permission#android.permission.REQUEST_INSTALL_PACKAGES